# JRE version: Java(TM) SE Runtime Environment (8.0_74-b02) (build 1.8.0_74-b02)
# Java VM: Java HotSpot(TM) 64-Bit Server VM (25.74-b02 mixed mode windows-amd64 compressed oops)
Heap:
 PSYoungGen      total 118272K, used 86797K [0x00000000eb980000, 0x00000000f7f80000, 0x0000000100000000)
  eden space 85504K, 85% used [0x00000000eb980000,0x00000000f00c0db0,0x00000000f0d00000)
  from space 32768K, 42% used [0x00000000f0d00000,0x00000000f1a82858,0x00000000f2d00000)
  to   space 36352K, 0% used [0x00000000f5c00000,0x00000000f5c00000,0x00000000f7f80000)
 ParOldGen       total 102400K, used 49766K [0x00000000c2c00000, 0x00000000c9000000, 0x00000000eb980000)
  object space 102400K, 48% used [0x00000000c2c00000,0x00000000c5c99ae0,0x00000000c9000000)
 Metaspace       used 14872K, capacity 15100K, committed 15232K, reserved 1062912K
  class space    used 1824K, capacity 1916K, committed 1920K, reserved 1048576K
GC Heap History (10 events):
Event: 9.824 GC heap before
{Heap before GC invocations=9 (full 0):
 PSYoungGen      total 75776K, used 75760K [0x00000000eb980000, 0x00000000f2480000, 0x0000000100000000)
  eden space 57344K, 100% used [0x00000000eb980000,0x00000000ef180000,0x00000000ef180000)
  from space 18432K, 99% used [0x00000000f0880000,0x00000000f1a7c050,0x00000000f1a80000)
  to   space 23552K, 0% used [0x00000000ef180000,0x00000000ef180000,0x00000000f0880000)
 ParOldGen       total 42496K, used 29259K [0x00000000c2c00000, 0x00000000c5580000, 0x00000000eb980000)
  object space 42496K, 68% used [0x00000000c2c00000,0x00000000c4892ef0,0x00000000c5580000)
 Metaspace       used 14758K, capacity 14940K, committed 15232K, reserved 1062912K
  class space    used 1823K, capacity 1884K, committed 1920K, reserved 1048576K
Event: 9.882 GC heap after
Heap after GC invocations=9 (full 0):
 PSYoungGen      total 80896K, used 23536K [0x00000000eb980000, 0x00000000f5180000, 0x0000000100000000)
  eden space 57344K, 0% used [0x00000000eb980000,0x00000000eb980000,0x00000000ef180000)
  from space 23552K, 99% used [0x00000000ef180000,0x00000000f087c0e0,0x00000000f0880000)
  to   space 31744K, 0% used [0x00000000f3280000,0x00000000f3280000,0x00000000f5180000)
 ParOldGen       total 42496K, used 39428K [0x00000000c2c00000, 0x00000000c5580000, 0x00000000eb980000)
  object space 42496K, 92% used [0x00000000c2c00000,0x00000000c52811b0,0x00000000c5580000)
 Metaspace       used 14758K, capacity 14940K, committed 15232K, reserved 1062912K
  class space    used 1823K, capacity 1884K, committed 1920K, reserved 1048576K
}
Event: 9.882 GC heap before
{Heap before GC invocations=10 (full 1):
 PSYoungGen      total 80896K, used 23536K [0x00000000eb980000, 0x00000000f5180000, 0x0000000100000000)
  eden space 57344K, 0% used [0x00000000eb980000,0x00000000eb980000,0x00000000ef180000)
  from space 23552K, 99% used [0x00000000ef180000,0x00000000f087c0e0,0x00000000f0880000)
  to   space 31744K, 0% used [0x00000000f3280000,0x00000000f3280000,0x00000000f5180000)
 ParOldGen       total 42496K, used 39428K [0x00000000c2c00000, 0x00000000c5580000, 0x00000000eb980000)
  object space 42496K, 92% used [0x00000000c2c00000,0x00000000c52811b0,0x00000000c5580000)
 Metaspace       used 14758K, capacity 14940K, committed 15232K, reserved 1062912K
  class space    used 1823K, capacity 1884K, committed 1920K, reserved 1048576K
Event: 9.989 GC heap after
Heap after GC invocations=10 (full 1):
 PSYoungGen      total 80896K, used 0K [0x00000000eb980000, 0x00000000f5180000, 0x0000000100000000)
  eden space 57344K, 0% used [0x00000000eb980000,0x00000000eb980000,0x00000000ef180000)
  from space 23552K, 0% used [0x00000000ef180000,0x00000000ef180000,0x00000000f0880000)
  to   space 31744K, 0% used [0x00000000f3280000,0x00000000f3280000,0x00000000f5180000)
 ParOldGen       total 50176K, used 16967K [0x00000000c2c00000, 0x00000000c5d00000, 0x00000000eb980000)
  object space 50176K, 33% used [0x00000000c2c00000,0x00000000c3c91e28,0x00000000c5d00000)
 Metaspace       used 14758K, capacity 14940K, committed 15232K, reserved 1062912K
  class space    used 1823K, capacity 1884K, committed 1920K, reserved 1048576K
}
Event: 10.493 GC heap before
{Heap before GC invocations=11 (full 1):
 PSYoungGen      total 80896K, used 57344K [0x00000000eb980000, 0x00000000f5180000, 0x0000000100000000)
  eden space 57344K, 100% used [0x00000000eb980000,0x00000000ef180000,0x00000000ef180000)
  from space 23552K, 0% used [0x00000000ef180000,0x00000000ef180000,0x00000000f0880000)
  to   space 31744K, 0% used [0x00000000f3280000,0x00000000f3280000,0x00000000f5180000)
 ParOldGen       total 50176K, used 16967K [0x00000000c2c00000, 0x00000000c5d00000, 0x00000000eb980000)
  object space 50176K, 33% used [0x00000000c2c00000,0x00000000c3c91e28,0x00000000c5d00000)
 Metaspace       used 14759K, capacity 14940K, committed 15232K, reserved 1062912K
  class space    used 1823K, capacity 1884K, committed 1920K, reserved 1048576K
Event: 10.556 GC heap after
Heap after GC invocations=11 (full 1):
 PSYoungGen      total 112640K, used 20252K [0x00000000eb980000, 0x00000000f4d00000, 0x0000000100000000)
  eden space 85504K, 0% used [0x00000000eb980000,0x00000000eb980000,0x00000000f0d00000)
  from space 27136K, 74% used [0x00000000f3280000,0x00000000f4647340,0x00000000f4d00000)
  to   space 32768K, 0% used [0x00000000f0d00000,0x00000000f0d00000,0x00000000f2d00000)
 ParOldGen       total 50176K, used 16967K [0x00000000c2c00000, 0x00000000c5d00000, 0x00000000eb980000)
  object space 50176K, 33% used [0x00000000c2c00000,0x00000000c3c91e28,0x00000000c5d00000)
 Metaspace       used 14759K, capacity 14940K, committed 15232K, reserved 1062912K
  class space    used 1823K, capacity 1884K, committed 1920K, reserved 1048576K
}
Event: 11.356 GC heap before
{Heap before GC invocations=12 (full 1):
 PSYoungGen      total 112640K, used 105756K [0x00000000eb980000, 0x00000000f4d00000, 0x0000000100000000)
  eden space 85504K, 100% used [0x00000000eb980000,0x00000000f0d00000,0x00000000f0d00000)
  from space 27136K, 74% used [0x00000000f3280000,0x00000000f4647340,0x00000000f4d00000)
  to   space 32768K, 0% used [0x00000000f0d00000,0x00000000f0d00000,0x00000000f2d00000)
 ParOldGen       total 50176K, used 16967K [0x00000000c2c00000, 0x00000000c5d00000, 0x00000000eb980000)
  object space 50176K, 33% used [0x00000000c2c00000,0x00000000c3c91e28,0x00000000c5d00000)
 Metaspace       used 14761K, capacity 14940K, committed 15232K, reserved 1062912K
  class space    used 1823K, capacity 1884K, committed 1920K, reserved 1048576K
Event: 11.468 GC heap after
Heap after GC invocations=12 (full 1):
 PSYoungGen      total 118272K, used 29280K [0x00000000eb980000, 0x00000000f7f80000, 0x0000000100000000)
  eden space 85504K, 0% used [0x00000000eb980000,0x00000000eb980000,0x00000000f0d00000)
  from space 32768K, 89% used [0x00000000f0d00000,0x00000000f2998070,0x00000000f2d00000)
  to   space 36352K, 0% used [0x00000000f5c00000,0x00000000f5c00000,0x00000000f7f80000)
 ParOldGen       total 50176K, used 36426K [0x00000000c2c00000, 0x00000000c5d00000, 0x00000000eb980000)
  object space 50176K, 72% used [0x00000000c2c00000,0x00000000c4f92bf8,0x00000000c5d00000)
 Metaspace       used 14761K, capacity 14940K, committed 15232K, reserved 1062912K
  class space    used 1823K, capacity 1884K, committed 1920K, reserved 1048576K
}
Event: 11.468 GC heap before
{Heap before GC invocations=13 (full 2):
 PSYoungGen      total 118272K, used 29280K [0x00000000eb980000, 0x00000000f7f80000, 0x0000000100000000)
  eden space 85504K, 0% used [0x00000000eb980000,0x00000000eb980000,0x00000000f0d00000)
  from space 32768K, 89% used [0x00000000f0d00000,0x00000000f2998070,0x00000000f2d00000)
  to   space 36352K, 0% used [0x00000000f5c00000,0x00000000f5c00000,0x00000000f7f80000)
 ParOldGen       total 50176K, used 36426K [0x00000000c2c00000, 0x00000000c5d00000, 0x00000000eb980000)
  object space 50176K, 72% used [0x00000000c2c00000,0x00000000c4f92bf8,0x00000000c5d00000)
 Metaspace       used 14761K, capacity 14940K, committed 15232K, reserved 1062912K
  class space    used 1823K, capacity 1884K, committed 1920K, reserved 1048576K
Event: 12.064 GC heap after
Heap after GC invocations=13 (full 2):
 PSYoungGen      total 118272K, used 13834K [0x00000000eb980000, 0x00000000f7f80000, 0x0000000100000000)
  eden space 85504K, 0% used [0x00000000eb980000,0x00000000eb980000,0x00000000f0d00000)
  from space 32768K, 42% used [0x00000000f0d00000,0x00000000f1a82858,0x00000000f2d00000)
  to   space 36352K, 0% used [0x00000000f5c00000,0x00000000f5c00000,0x00000000f7f80000)
 ParOldGen       total 102400K, used 49766K [0x00000000c2c00000, 0x00000000c9000000, 0x00000000eb980000)
  object space 102400K, 48% used [0x00000000c2c00000,0x00000000c5c99ae0,0x00000000c9000000)
 Metaspace       used 14761K, capacity 14940K, committed 15232K, reserved 1062912K
  class space    used 1823K, capacity 1884K, committed 1920K, reserved 1048576K
}

